{
  "Unit Tests": {
    "coverage": {
      "C:/Users/ostlki/Documents/TestApps/Ruby2Tests/words_test/lib/scanner.rb": [
        null,
        1,
        null,
        1,
        1,
        1,
        1,
        null,
        null,
        1,
        6,
        50290,
        null,
        null,
        1,
        3,
        null,
        3,
        3,
        null,
        25153,
        106127,
        79607,
        null,
        26520,
        null,
        null,
        null,
        null,
        79610,
        3,
        null,
        null,
        1,
        25164,
        null,
        null,
        1,
        null,
        3,
        3,
        null,
        3,
        11896,
        11896,
        null,
        3,
        3,
        null,
        null,
        1,
        9,
        null,
        null,
        1,
        9,
        null,
        null,
        1,
        19,
        null,
        null,
        null,
        null
      ]
    },
    "timestamp": 1447384077
  },
  "RSpec": {
    "coverage": {
      "C:/Users/ostlki/Documents/TestApps/Ruby2Tests/words_test/lib/scanner.rb": [
        null,
        1,
        null,
        1,
        1,
        1,
        1,
        null,
        null,
        1,
        6,
        50290,
        null,
        null,
        1,
        3,
        null,
        3,
        3,
        null,
        25153,
        106127,
        79607,
        null,
        26520,
        null,
        null,
        null,
        null,
        79610,
        3,
        null,
        null,
        1,
        25164,
        null,
        null,
        1,
        null,
        3,
        3,
        null,
        3,
        11896,
        11896,
        null,
        3,
        3,
        null,
        null,
        1,
        9,
        null,
        null,
        1,
        9,
        null,
        null,
        1,
        19,
        null,
        null,
        null,
        null
      ]
    },
    "timestamp": 1447384174
  }
}
